<<<<<<< HEAD
# Writing all output to: D:\ELECTR??NICA GAMBINO\01 CLIENTES\76 EDUARDO ANFUSO\proyectoEduAnfuso\hardware\disenoAnfusoV01.log
set pad_wire_necking on
bus diagonal
fanout 5
route 50
clean 2
route 50 16
clean 2
filter 5
recorner diagonal
status_file

=======
# Writing all output to: D:\ELECTR??NICA GAMBINO\01 CLIENTES\76 EDUARDO ANFUSO\proyectoEduAnfuso\hardware\disenoAnfusoV01.log
set pad_wire_necking on
bus diagonal
fanout 5
route 50
clean 2
route 50 16
clean 2
filter 5
recorner diagonal
status_file

>>>>>>> ec84c6f (Update Firmware MQ135.)
