<<<<<<< HEAD
FILE_TYPE=LIBRARY_PARTS;
PRIMITIVE 'IKD0103101','IKD0103101_Other';
  PIN
    '1':
      PIN_NUMBER='(1)';
      NO_LOAD_CHECK=BOTH;
      NO_IO_CHECK=BOTH;
      ALLOW_CONNECT=TRUE;
      PINUSE='UNSPEC';
    '2':
      PIN_NUMBER='(2)';
      NO_LOAD_CHECK=BOTH;
      NO_IO_CHECK=BOTH;
      ALLOW_CONNECT=TRUE;
      PINUSE='UNSPEC';
  END_PIN;
  BODY
    PART_NAME='IKD0103101';
    PHYS_DES_PREFIX='S';
    NO_LOAD_CHECK='TRUE';
    PIN_COUNT='2';
    BODY_NAME='IKD0103101';
    JEDEC_TYPE='IKD0103101';
  END_BODY;
END_PRIMITIVE;
END.
=======
FILE_TYPE=LIBRARY_PARTS;
PRIMITIVE 'IKD0103101','IKD0103101_Other';
  PIN
    '1':
      PIN_NUMBER='(1)';
      NO_LOAD_CHECK=BOTH;
      NO_IO_CHECK=BOTH;
      ALLOW_CONNECT=TRUE;
      PINUSE='UNSPEC';
    '2':
      PIN_NUMBER='(2)';
      NO_LOAD_CHECK=BOTH;
      NO_IO_CHECK=BOTH;
      ALLOW_CONNECT=TRUE;
      PINUSE='UNSPEC';
  END_PIN;
  BODY
    PART_NAME='IKD0103101';
    PHYS_DES_PREFIX='S';
    NO_LOAD_CHECK='TRUE';
    PIN_COUNT='2';
    BODY_NAME='IKD0103101';
    JEDEC_TYPE='IKD0103101';
  END_BODY;
END_PRIMITIVE;
END.
>>>>>>> ec84c6f (Update Firmware MQ135.)
